{
  "stats": {
    "suites": 1,
    "tests": 1,
    "passes": 1,
    "pending": 0,
    "failures": 0,
    "start": "2022-01-31T04:39:08.853Z",
    "end": "2022-01-31T04:39:17.433Z",
    "duration": 8580,
    "testsRegistered": 1,
    "passPercent": 100,
    "pendingPercent": 0,
    "other": 0,
    "hasOther": false,
    "skipped": 0,
    "hasSkipped": false
  },
  "results": [
    {
      "uuid": "75ba6949-787e-406d-8029-f7588c647c78",
      "title": "",
      "fullFile": "cypress/integration/testScripts/fixturesample.spec.js",
      "file": "cypress/integration/testScripts/fixturesample.spec.js",
      "beforeHooks": [],
      "afterHooks": [],
      "tests": [],
      "suites": [
        {
          "uuid": "dbec8dc6-7a41-4ee2-a245-e141f471daa0",
          "title": "Using Fixtures",
          "fullFile": "",
          "file": "",
          "beforeHooks": [],
          "afterHooks": [],
          "tests": [
            {
              "title": "Using Custom Command",
              "fullTitle": "Using Fixtures Using Custom Command",
              "timedOut": null,
              "duration": 8547,
              "state": "passed",
              "speed": "medium",
              "pass": true,
              "fail": false,
              "pending": false,
              "context": null,
              "code": "cy.visit('https://the-internet.herokuapp.com/login'); //Using customcommand\n// cy.login('tomsmith', 'SuperSecretPassword!')\n//Using Custom Command and Fixtures\ncy.fixture('user').then(user => {\n  const strUser = user.username;\n  const strPwd = user.password;\n  cy.login(strUser, strPwd);\n});",
              "err": {},
              "uuid": "f867c241-e436-4564-88fc-65829916708f",
              "parentUUID": "dbec8dc6-7a41-4ee2-a245-e141f471daa0",
              "isHook": false,
              "skipped": false
            }
          ],
          "suites": [],
          "passes": [
            "f867c241-e436-4564-88fc-65829916708f"
          ],
          "failures": [],
          "pending": [],
          "skipped": [],
          "duration": 8547,
          "root": false,
          "rootEmpty": false,
          "_timeout": 2000
        }
      ],
      "passes": [],
      "failures": [],
      "pending": [],
      "skipped": [],
      "duration": 0,
      "root": true,
      "rootEmpty": true,
      "_timeout": 2000
    }
  ],
  "meta": {
    "mocha": {
      "version": "7.0.1"
    },
    "mochawesome": {
      "options": {
        "quiet": false,
        "reportFilename": "mochawesome",
        "saveHtml": false,
        "saveJson": true,
        "consoleReporter": "spec",
        "useInlineDiffs": false,
        "code": true
      },
      "version": "7.0.1"
    },
    "marge": {
      "options": {
        "id": "default",
        "reportDir": "cypress/results/mochawesome",
        "overwrite": false,
        "html": false,
        "json": true
      },
      "version": "6.0.1"
    }
  }
}