{
  "stats": {
    "suites": 1,
    "tests": 1,
    "passes": 0,
    "pending": 0,
    "failures": 1,
    "start": "2022-01-31T04:38:46.901Z",
    "end": "2022-01-31T04:38:47.764Z",
    "duration": 863,
    "testsRegistered": 1,
    "passPercent": 0,
    "pendingPercent": 0,
    "other": 0,
    "hasOther": false,
    "skipped": 0,
    "hasSkipped": false
  },
  "results": [
    {
      "uuid": "30d6a18a-d372-4e84-b68e-2c55e0183451",
      "title": "",
      "fullFile": "cypress/integration/testScripts/findWebElem.spec.js",
      "file": "cypress/integration/testScripts/findWebElem.spec.js",
      "beforeHooks": [],
      "afterHooks": [],
      "tests": [],
      "suites": [
        {
          "uuid": "40972580-e336-46ce-8e65-bbb218760b03",
          "title": "Types of Locators",
          "fullFile": "",
          "file": "",
          "beforeHooks": [],
          "afterHooks": [],
          "tests": [
            {
              "title": "Add New User",
              "fullTitle": "Types of Locators Add New User",
              "timedOut": null,
              "duration": 804,
              "state": "failed",
              "speed": null,
              "pass": false,
              "fail": true,
              "pending": false,
              "context": null,
              "code": "// cy.visit('http://localhost:4200/')\ncy.contains('Tables & Data').click();\ncy.contains('Smart Table').click();\ncy.get('[data-name=\"menu-2\"]').click();\ncy.get('thead').find('.nb-plus').click();\ncy.get('thead').find('tr').eq(2).then(tableRow => {\n  cy.wrap(tableRow).find('[placeholder=\"First Name\"]').type('Test');\n  cy.wrap(tableRow).find('[placeholder=\"Last Name\"]').type('Training');\n  cy.wrap(tableRow).find('.nb-checkmark').click(); //To verify the given values\n});\ncy.get('tbody tr').first().find('td').then(tableCol => {\n  cy.wrap(tableCol).eq(2).should('contain', 'Test');\n  cy.wrap(tableCol).eq(3).should('contain', 'Training');\n});",
              "err": {
                "message": "CypressError: `cy.visit()` failed trying to load:\n\nhttp://localhost:4200/\n\nWe attempted to make an http request to this URL but the request failed without a response.\n\nWe received this error at the network level:\n\n  > Error: connect ECONNREFUSED 127.0.0.1:4200\n\nCommon situations why this would fail:\n  - you don't have internet access\n  - you forgot to run / boot your web server\n  - your web server isn't accessible\n  - you have weird network configuration settings on your computer\n\nBecause this error occurred during a `before all` hook we are skipping the remaining tests in the current suite: `Types of Locators`",
                "estack": "CypressError: `cy.visit()` failed trying to load:\n\nhttp://localhost:4200/\n\nWe attempted to make an http request to this URL but the request failed without a response.\n\nWe received this error at the network level:\n\n  > Error: connect ECONNREFUSED 127.0.0.1:4200\n\nCommon situations why this would fail:\n  - you don't have internet access\n  - you forgot to run / boot your web server\n  - your web server isn't accessible\n  - you have weird network configuration settings on your computer\n\nBecause this error occurred during a `before all` hook we are skipping the remaining tests in the current suite: `Types of Locators`\n    at https://the-internet.herokuapp.com/__cypress/runner/cypress_runner.js:159050:82\n    at visitFailedByErr (https://the-internet.herokuapp.com/__cypress/runner/cypress_runner.js:158403:12)\n    at https://the-internet.herokuapp.com/__cypress/runner/cypress_runner.js:159049:11\n    at tryCatcher (https://the-internet.herokuapp.com/__cypress/runner/cypress_runner.js:13196:23)\n    at Promise._settlePromiseFromHandler (https://the-internet.herokuapp.com/__cypress/runner/cypress_runner.js:11131:31)\n    at Promise._settlePromise (https://the-internet.herokuapp.com/__cypress/runner/cypress_runner.js:11188:18)\n    at Promise._settlePromise0 (https://the-internet.herokuapp.com/__cypress/runner/cypress_runner.js:11233:10)\n    at Promise._settlePromises (https://the-internet.herokuapp.com/__cypress/runner/cypress_runner.js:11309:18)\n    at _drainQueueStep (https://the-internet.herokuapp.com/__cypress/runner/cypress_runner.js:7903:12)\n    at _drainQueue (https://the-internet.herokuapp.com/__cypress/runner/cypress_runner.js:7896:9)\n    at Async.../../node_modules/bluebird/js/release/async.js.Async._drainQueues (https://the-internet.herokuapp.com/__cypress/runner/cypress_runner.js:7912:5)\n    at Async.drainQueues (https://the-internet.herokuapp.com/__cypress/runner/cypress_runner.js:7782:14)\nFrom Your Spec Code:\n    at Context.eval (https://the-internet.herokuapp.com/__cypress/tests?p=cypress\\integration\\testScripts\\findWebElem.spec.js:102:8)\n\nFrom Node.js Internals:\n  Error: connect ECONNREFUSED 127.0.0.1:4200\n      at TCPConnectWrap.afterConnect [as oncomplete] (node:net:1142:16)\n  ",
                "diff": null
              },
              "uuid": "d96b4262-0bf0-4a65-8240-7a25da493ac0",
              "parentUUID": "40972580-e336-46ce-8e65-bbb218760b03",
              "isHook": false,
              "skipped": false
            }
          ],
          "suites": [],
          "passes": [],
          "failures": [
            "d96b4262-0bf0-4a65-8240-7a25da493ac0"
          ],
          "pending": [],
          "skipped": [],
          "duration": 804,
          "root": false,
          "rootEmpty": false,
          "_timeout": 2000
        }
      ],
      "passes": [],
      "failures": [],
      "pending": [],
      "skipped": [],
      "duration": 0,
      "root": true,
      "rootEmpty": true,
      "_timeout": 2000
    }
  ],
  "meta": {
    "mocha": {
      "version": "7.0.1"
    },
    "mochawesome": {
      "options": {
        "quiet": false,
        "reportFilename": "mochawesome",
        "saveHtml": false,
        "saveJson": true,
        "consoleReporter": "spec",
        "useInlineDiffs": false,
        "code": true
      },
      "version": "7.0.1"
    },
    "marge": {
      "options": {
        "id": "default",
        "reportDir": "cypress/results/mochawesome",
        "overwrite": false,
        "html": false,
        "json": true
      },
      "version": "6.0.1"
    }
  }
}