{
  "stats": {
    "suites": 1,
    "tests": 3,
    "passes": 0,
    "pending": 0,
    "failures": 3,
    "start": "2022-01-31T04:38:50.349Z",
    "end": "2022-01-31T04:39:02.900Z",
    "duration": 12551,
    "testsRegistered": 3,
    "passPercent": 0,
    "pendingPercent": 0,
    "other": 0,
    "hasOther": false,
    "skipped": 0,
    "hasSkipped": false
  },
  "results": [
    {
      "uuid": "c983bde8-095b-4525-beb3-56dccb66f6de",
      "title": "",
      "fullFile": "cypress/integration/testScripts/firslUrl.spec.js",
      "file": "cypress/integration/testScripts/firslUrl.spec.js",
      "beforeHooks": [],
      "afterHooks": [],
      "tests": [],
      "suites": [
        {
          "uuid": "1aa334ae-90be-4a96-894d-3b46b85bf49b",
          "title": "should test login screen",
          "fullFile": "",
          "file": "",
          "beforeHooks": [],
          "afterHooks": [],
          "tests": [
            {
              "title": "should launch login page",
              "fullTitle": "should test login screen should launch login page",
              "timedOut": null,
              "duration": 2092,
              "state": "failed",
              "speed": null,
              "pass": false,
              "fail": true,
              "pending": false,
              "context": null,
              "code": "cy.visit('https://automationpractice.com/index.php');",
              "err": {
                "message": "CypressError: `cy.visit()` failed trying to load:\n\nhttps://automationpractice.com/index.php\n\nThe response we received from your web server was:\n\n  > 500: Internal Server Error\n\nThis was considered a failure because the status code was not `2xx`.\n\nIf you do not want status codes to cause failures pass the option: `failOnStatusCode: false`",
                "estack": "CypressError: `cy.visit()` failed trying to load:\n\nhttps://automationpractice.com/index.php\n\nThe response we received from your web server was:\n\n  > 500: Internal Server Error\n\nThis was considered a failure because the status code was not `2xx`.\n\nIf you do not want status codes to cause failures pass the option: `failOnStatusCode: false`\n    at https://the-internet.herokuapp.com/__cypress/runner/cypress_runner.js:159034:84\n    at visitFailedByErr (https://the-internet.herokuapp.com/__cypress/runner/cypress_runner.js:158403:12)\n    at https://the-internet.herokuapp.com/__cypress/runner/cypress_runner.js:159014:13\n    at tryCatcher (https://the-internet.herokuapp.com/__cypress/runner/cypress_runner.js:13196:23)\n    at Promise._settlePromiseFromHandler (https://the-internet.herokuapp.com/__cypress/runner/cypress_runner.js:11131:31)\n    at Promise._settlePromise (https://the-internet.herokuapp.com/__cypress/runner/cypress_runner.js:11188:18)\n    at Promise._settlePromise0 (https://the-internet.herokuapp.com/__cypress/runner/cypress_runner.js:11233:10)\n    at Promise._settlePromises (https://the-internet.herokuapp.com/__cypress/runner/cypress_runner.js:11309:18)\n    at _drainQueueStep (https://the-internet.herokuapp.com/__cypress/runner/cypress_runner.js:7903:12)\n    at _drainQueue (https://the-internet.herokuapp.com/__cypress/runner/cypress_runner.js:7896:9)\n    at Async.../../node_modules/bluebird/js/release/async.js.Async._drainQueues (https://the-internet.herokuapp.com/__cypress/runner/cypress_runner.js:7912:5)\n    at Async.drainQueues (https://the-internet.herokuapp.com/__cypress/runner/cypress_runner.js:7782:14)\nFrom Your Spec Code:\n    at Context.eval (https://the-internet.herokuapp.com/__cypress/tests?p=cypress\\integration\\testScripts\\firslUrl.spec.js:101:8)",
                "diff": null
              },
              "uuid": "dba0599c-c86e-41eb-89d6-b16986a6f453",
              "parentUUID": "1aa334ae-90be-4a96-894d-3b46b85bf49b",
              "isHook": false,
              "skipped": false
            },
            {
              "title": "should click signin button",
              "fullTitle": "should test login screen should click signin button",
              "timedOut": null,
              "duration": 5221,
              "state": "failed",
              "speed": null,
              "pass": false,
              "fail": true,
              "pending": false,
              "context": null,
              "code": "cy.get('.login').click();",
              "err": {
                "message": "AssertionError: Timed out retrying after 5000ms: Expected to find element: `.login`, but never found it.",
                "estack": "AssertionError: Timed out retrying after 5000ms: Expected to find element: `.login`, but never found it.\n    at Context.eval (https://the-internet.herokuapp.com/__cypress/tests?p=cypress\\integration\\testScripts\\firslUrl.spec.js:104:8)",
                "diff": null
              },
              "uuid": "b0cefb90-49a9-4d59-bb36-b3a5c3d576ce",
              "parentUUID": "1aa334ae-90be-4a96-894d-3b46b85bf49b",
              "isHook": false,
              "skipped": false
            },
            {
              "title": "should type username and pwd",
              "fullTitle": "should test login screen should type username and pwd",
              "timedOut": null,
              "duration": 5163,
              "state": "failed",
              "speed": null,
              "pass": false,
              "fail": true,
              "pending": false,
              "context": null,
              "code": "cy.get('#email').type('email@gmail.com');\ncy.get('#passwd').type('xxx');\ncy.get('#SubmitLogin').click();",
              "err": {
                "message": "AssertionError: Timed out retrying after 5000ms: Expected to find element: `#email`, but never found it.",
                "estack": "AssertionError: Timed out retrying after 5000ms: Expected to find element: `#email`, but never found it.\n    at Context.eval (https://the-internet.herokuapp.com/__cypress/tests?p=cypress\\integration\\testScripts\\firslUrl.spec.js:107:8)",
                "diff": null
              },
              "uuid": "8d93072b-2a6f-463e-a2e9-4cd0f5b54921",
              "parentUUID": "1aa334ae-90be-4a96-894d-3b46b85bf49b",
              "isHook": false,
              "skipped": false
            }
          ],
          "suites": [],
          "passes": [],
          "failures": [
            "dba0599c-c86e-41eb-89d6-b16986a6f453",
            "b0cefb90-49a9-4d59-bb36-b3a5c3d576ce",
            "8d93072b-2a6f-463e-a2e9-4cd0f5b54921"
          ],
          "pending": [],
          "skipped": [],
          "duration": 12476,
          "root": false,
          "rootEmpty": false,
          "_timeout": 2000
        }
      ],
      "passes": [],
      "failures": [],
      "pending": [],
      "skipped": [],
      "duration": 0,
      "root": true,
      "rootEmpty": true,
      "_timeout": 2000
    }
  ],
  "meta": {
    "mocha": {
      "version": "7.0.1"
    },
    "mochawesome": {
      "options": {
        "quiet": false,
        "reportFilename": "mochawesome",
        "saveHtml": false,
        "saveJson": true,
        "consoleReporter": "spec",
        "useInlineDiffs": false,
        "code": true
      },
      "version": "7.0.1"
    },
    "marge": {
      "options": {
        "id": "default",
        "reportDir": "cypress/results/mochawesome",
        "overwrite": false,
        "html": false,
        "json": true
      },
      "version": "6.0.1"
    }
  }
}