{
  "stats": {
    "suites": 2,
    "tests": 3,
    "passes": 3,
    "pending": 0,
    "failures": 0,
    "start": "2022-01-31T04:39:06.528Z",
    "end": "2022-01-31T04:39:06.611Z",
    "duration": 83,
    "testsRegistered": 3,
    "passPercent": 100,
    "pendingPercent": 0,
    "other": 0,
    "hasOther": false,
    "skipped": 0,
    "hasSkipped": false
  },
  "results": [
    {
      "uuid": "250b117e-1355-4ef2-bc92-9edae8aac302",
      "title": "",
      "fullFile": "cypress/integration/testScripts/firstSample.spec.js",
      "file": "cypress/integration/testScripts/firstSample.spec.js",
      "beforeHooks": [],
      "afterHooks": [],
      "tests": [],
      "suites": [
        {
          "uuid": "96d21c1d-42e6-4b14-8cc3-c4c086e9ba40",
          "title": "My First Sample",
          "fullFile": "",
          "file": "",
          "beforeHooks": [],
          "afterHooks": [],
          "tests": [
            {
              "title": "First TestCase",
              "fullTitle": "My First Sample First TestCase",
              "timedOut": null,
              "duration": 28,
              "state": "passed",
              "speed": "fast",
              "pass": true,
              "fail": false,
              "pending": false,
              "context": null,
              "code": "expect(true).to.be.equals(true);",
              "err": {},
              "uuid": "18b1501f-f133-4833-a89b-7d04067faa03",
              "parentUUID": "96d21c1d-42e6-4b14-8cc3-c4c086e9ba40",
              "isHook": false,
              "skipped": false
            },
            {
              "title": "Sum of Two numbers",
              "fullTitle": "My First Sample Sum of Two numbers",
              "timedOut": null,
              "duration": 14,
              "state": "passed",
              "speed": "fast",
              "pass": true,
              "fail": false,
              "pending": false,
              "context": null,
              "code": "expect(2 + 2).to.be.equals(4);",
              "err": {},
              "uuid": "03b5313a-a66c-40aa-a72d-ad9065f04757",
              "parentUUID": "96d21c1d-42e6-4b14-8cc3-c4c086e9ba40",
              "isHook": false,
              "skipped": false
            }
          ],
          "suites": [],
          "passes": [
            "18b1501f-f133-4833-a89b-7d04067faa03",
            "03b5313a-a66c-40aa-a72d-ad9065f04757"
          ],
          "failures": [],
          "pending": [],
          "skipped": [],
          "duration": 42,
          "root": false,
          "rootEmpty": false,
          "_timeout": 2000
        },
        {
          "uuid": "c8adf469-0457-495b-9e33-e70051d0b070",
          "title": "Second Test Group",
          "fullFile": "",
          "file": "",
          "beforeHooks": [],
          "afterHooks": [],
          "tests": [
            {
              "title": "False should be false",
              "fullTitle": "Second Test Group False should be false",
              "timedOut": null,
              "duration": 14,
              "state": "passed",
              "speed": "fast",
              "pass": true,
              "fail": false,
              "pending": false,
              "context": null,
              "code": "expect(false).to.be.equals(false);",
              "err": {},
              "uuid": "5ca06e8c-7646-44d8-8f57-32831b9b3c06",
              "parentUUID": "c8adf469-0457-495b-9e33-e70051d0b070",
              "isHook": false,
              "skipped": false
            }
          ],
          "suites": [],
          "passes": [
            "5ca06e8c-7646-44d8-8f57-32831b9b3c06"
          ],
          "failures": [],
          "pending": [],
          "skipped": [],
          "duration": 14,
          "root": false,
          "rootEmpty": false,
          "_timeout": 2000
        }
      ],
      "passes": [],
      "failures": [],
      "pending": [],
      "skipped": [],
      "duration": 0,
      "root": true,
      "rootEmpty": true,
      "_timeout": 2000
    }
  ],
  "meta": {
    "mocha": {
      "version": "7.0.1"
    },
    "mochawesome": {
      "options": {
        "quiet": false,
        "reportFilename": "mochawesome",
        "saveHtml": false,
        "saveJson": true,
        "consoleReporter": "spec",
        "useInlineDiffs": false,
        "code": true
      },
      "version": "7.0.1"
    },
    "marge": {
      "options": {
        "id": "default",
        "reportDir": "cypress/results/mochawesome",
        "overwrite": false,
        "html": false,
        "json": true
      },
      "version": "6.0.1"
    }
  }
}